<?xml version="1.0" encoding="UTF-8"?>
<testsuite xmlns:xsi="http://www.w3.org/2001/XMLSchema-instance" xsi:noNamespaceSchemaLocation="https://maven.apache.org/surefire/maven-surefire-plugin/xsd/surefire-test-report.xsd" name="se.yrgo.isbntools.ValidateISBNTest" time="0.008" tests="7" errors="0" skipped="0" failures="0">
  <properties>
[...]
</properties>
  <testcase name="nineDigitNotAllowed" classname="se.yrgo.isbntools.ValidateISBNTest" time="0.003"/>
  <testcase name="checkInvalid13DigitISBN" classname="se.yrgo.isbntools.ValidateISBNTest" time="0"/>
  <testcase name="checkValid13DigitISBN" classname="se.yrgo.isbntools.ValidateISBNTest" time="0"/>
  <testcase name="checkInvalid10DigitISBN" classname="se.yrgo.isbntools.ValidateISBNTest" time="0"/>
  <testcase name="checkValid10DigitISBN" classname="se.yrgo.isbntools.ValidateISBNTest" time="0"/>
  <testcase name="nonNumericNotAllowed" classname="se.yrgo.isbntools.ValidateISBNTest" time="0"/>
  <testcase name="ISBNEndXIsValid" classname="se.yrgo.isbntools.ValidateISBNTest" time="0.001"/>
</testsuite>